kotlin version: 2.2.10
error message: java.lang.RuntimeException: Exception while generating code for:
FUN LOCAL_FUNCTION_FOR_LAMBDA name:createInlineTextContent$lambda$4 visibility:private modality:FINAL returnType:kotlin.Unit?
  VALUE_PARAMETER BOUND_VALUE_PARAMETER kind:Regular name:this$0 index:0 type:com.feature.edureminder.texteditor.model.RichSpanStyle.Image
  VALUE_PARAMETER BOUND_VALUE_PARAMETER kind:Regular name:$richTextState index:1 type:com.feature.edureminder.texteditor.model.RichTextState
  VALUE_PARAMETER kind:Regular name:it index:2 type:kotlin.String
  BLOCK_BODY
    VAR name:density type:androidx.compose.ui.unit.Density [val]
      CALL 'public final fun <get-current> (): T of androidx.compose.runtime.CompositionLocal [inline] declared in androidx.compose.runtime.CompositionLocal' type=androidx.compose.ui.unit.Density origin=GET_PROPERTY
        ARG <this>: TYPE_OP type=androidx.compose.runtime.CompositionLocal<T of androidx.compose.runtime.CompositionLocal> origin=IMPLICIT_CAST typeOperand=androidx.compose.runtime.CompositionLocal<T of androidx.compose.runtime.CompositionLocal>
          CALL 'public final fun <get-LocalDensity> (): androidx.compose.runtime.ProvidableCompositionLocal<androidx.compose.ui.unit.Density> declared in androidx.compose.ui.platform.CompositionLocalsKt' type=androidx.compose.runtime.ProvidableCompositionLocal<androidx.compose.ui.unit.Density> origin=GET_PROPERTY
    VAR name:imageLoader type:com.feature.edureminder.texteditor.model.ImageLoader [val]
      CALL 'public final fun <get-current> (): T of androidx.compose.runtime.CompositionLocal [inline] declared in androidx.compose.runtime.CompositionLocal' type=com.feature.edureminder.texteditor.model.ImageLoader origin=GET_PROPERTY
        ARG <this>: TYPE_OP type=androidx.compose.runtime.CompositionLocal<T of androidx.compose.runtime.CompositionLocal> origin=IMPLICIT_CAST typeOperand=androidx.compose.runtime.CompositionLocal<T of androidx.compose.runtime.CompositionLocal>
          CALL 'public final fun <get-LocalImageLoader> (): androidx.compose.runtime.ProvidableCompositionLocal<com.feature.edureminder.texteditor.model.ImageLoader> declared in com.feature.edureminder.texteditor.model.ImageLoaderKt' type=androidx.compose.runtime.ProvidableCompositionLocal<com.feature.edureminder.texteditor.model.ImageLoader> origin=GET_PROPERTY
    VAR name:data type:com.feature.edureminder.texteditor.model.ImageData [val]
      BLOCK type=com.feature.edureminder.texteditor.model.ImageData origin=FOLDED_ELVIS
        WHEN type=com.feature.edureminder.texteditor.model.ImageData origin=FOLDED_ELVIS
          BRANCH
            if: COMPOSITE type=kotlin.Boolean origin=null
              VAR IR_TEMPORARY_VARIABLE name:tmp0_elvis_lhs type:com.feature.edureminder.texteditor.model.ImageData? [val]
                CALL 'public abstract fun load (model: kotlin.Any): com.feature.edureminder.texteditor.model.ImageData? declared in com.feature.edureminder.texteditor.model.ImageLoader' type=com.feature.edureminder.texteditor.model.ImageData? origin=null
                  ARG <this>: GET_VAR 'val imageLoader: com.feature.edureminder.texteditor.model.ImageLoader [val] declared in com.feature.edureminder.texteditor.model.RichSpanStyle.Image.createInlineTextContent$lambda$4' type=com.feature.edureminder.texteditor.model.ImageLoader origin=null
                  ARG model: GET_FIELD 'FIELD PROPERTY_BACKING_FIELD name:model type:kotlin.Any visibility:private [final]' type=kotlin.Any origin=null
                    receiver: GET_VAR 'this$0: com.feature.edureminder.texteditor.model.RichSpanStyle.Image declared in com.feature.edureminder.texteditor.model.RichSpanStyle.Image.createInlineTextContent$lambda$4' type=com.feature.edureminder.texteditor.model.RichSpanStyle.Image origin=null
              CALL 'public final fun not (): kotlin.Boolean [operator] declared in kotlin.Boolean' type=kotlin.Boolean origin=null
                ARG <this>: CALL 'public final fun EQEQ (arg0: kotlin.Any?, arg1: kotlin.Any?): kotlin.Boolean declared in kotlin.internal.ir' type=kotlin.Boolean origin=null
                  ARG arg0: GET_VAR 'val tmp0_elvis_lhs: com.feature.edureminder.texteditor.model.ImageData? [val] declared in com.feature.edureminder.texteditor.model.RichSpanStyle.Image.createInlineTextContent$lambda$4' type=com.feature.edureminder.texteditor.model.ImageData? origin=null
                  ARG arg1: CONST Null type=kotlin.Nothing? value=null
            then: GET_VAR 'val tmp0_elvis_lhs: com.feature.edureminder.texteditor.model.ImageData? [val] declared in com.feature.edureminder.texteditor.model.RichSpanStyle.Image.createInlineTextContent$lambda$4' type=com.feature.edureminder.texteditor.model.ImageData? origin=null
          BRANCH
            if: CONST Boolean type=kotlin.Boolean value=true
            then: RETURN type=kotlin.Nothing from='private final fun createInlineTextContent$lambda$4 (this$0: com.feature.edureminder.texteditor.model.RichSpanStyle.Image, $richTextState: com.feature.edureminder.texteditor.model.RichTextState, it: kotlin.String): kotlin.Unit? declared in com.feature.edureminder.texteditor.model.RichSpanStyle.Image'
              GET_FIELD 'FIELD FIELD_FOR_OBJECT_INSTANCE name:INSTANCE type:kotlin.Unit visibility:public [final,static] declared in kotlin.Unit' type=kotlin.Unit origin=null
    CALL 'public final fun LaunchedEffect (key1: kotlin.Any?, key2: kotlin.Any?, block: @[ExtensionFunctionType] kotlin.coroutines.SuspendFunction1<kotlinx.coroutines.CoroutineScope, kotlin.Unit>): kotlin.Unit declared in androidx.compose.runtime.EffectsKt' type=kotlin.Unit origin=null
      ARG key1: CALL 'private final fun <get-id> (): kotlin.String declared in com.feature.edureminder.texteditor.model.RichSpanStyle.Image' type=kotlin.String origin=GET_PROPERTY
        ARG <this>: GET_VAR 'this$0: com.feature.edureminder.texteditor.model.RichSpanStyle.Image declared in com.feature.edureminder.texteditor.model.RichSpanStyle.Image.createInlineTextContent$lambda$4' type=com.feature.edureminder.texteditor.model.RichSpanStyle.Image origin=null
      ARG key2: GET_VAR 'val data: com.feature.edureminder.texteditor.model.ImageData [val] declared in com.feature.edureminder.texteditor.model.RichSpanStyle.Image.createInlineTextContent$lambda$4' type=com.feature.edureminder.texteditor.model.ImageData origin=null
      ARG block: BLOCK type=com.feature.edureminder.texteditor.model.RichSpanStyle.Image.createInlineTextContent$lambda$4.<no name provided> origin=null
        CLASS SUSPEND_LAMBDA CLASS name:<no name provided> modality:FINAL visibility:public/*package*/ superTypes:[kotlin.coroutines.jvm.internal.SuspendLambda; kotlin.jvm.functions.Function2<kotlinx.coroutines.CoroutineScope, kotlin.coroutines.Continuation<kotlin.Unit>?, kotlin.Any?>]
          thisReceiver: VALUE_PARAMETER INSTANCE_RECEIVER kind:DispatchReceiver name:<this> type:com.feature.edureminder.texteditor.model.RichSpanStyle.Image.createInlineTextContent$lambda$4.<no name provided>
          FIELD name:label type:kotlin.Int visibility:public/*package*/
          CONSTRUCTOR SUSPEND_LAMBDA visibility:public/*package*/ returnType:com.feature.edureminder.texteditor.model.RichSpanStyle.Image.createInlineTextContent$lambda$4.<no name provided> [primary]
            VALUE_PARAMETER BOUND_VALUE_PARAMETER kind:Regular name:$data index:0 type:com.feature.edureminder.texteditor.model.ImageData
            VALUE_PARAMETER BOUND_VALUE_PARAMETER kind:Regular name:$density index:1 type:androidx.compose.ui.unit.Density
            VALUE_PARAMETER BOUND_RECEIVER_PARAMETER kind:Regular name:this$0 index:2 type:com.feature.edureminder.texteditor.model.RichSpanStyle.Image
            VALUE_PARAMETER BOUND_VALUE_PARAMETER kind:Regular name:$richTextState index:3 type:com.feature.edureminder.texteditor.model.RichTextState
            VALUE_PARAMETER kind:Regular name:$completion index:4 type:kotlin.coroutines.Continuation<com.feature.edureminder.texteditor.model.RichSpanStyle.Image.createInlineTextContent$lambda$4.<no name provided>>?
            BLOCK_BODY
              SET_FIELD 'FIELD FIELD_FOR_CAPTURED_VALUE name:$data type:com.feature.edureminder.texteditor.model.ImageData visibility:public/*package*/ [final] declared in com.feature.edureminder.texteditor.model.RichSpanStyle.Image.createInlineTextContent$lambda$4.<no name provided>' type=kotlin.Unit origin=INITIALIZER_OF_FIELD_FOR_CAPTURED_VALUE
                receiver: GET_VAR '<this>: com.feature.edureminder.texteditor.model.RichSpanStyle.Image.createInlineTextContent$lambda$4.<no name provided> declared in com.feature.edureminder.texteditor.model.RichSpanStyle.Image.createInlineTextContent$lambda$4.<no name provided>' type=com.feature.edureminder.texteditor.model.RichSpanStyle.Image.createInlineTextContent$lambda$4.<no name provided> origin=null
                value: GET_VAR '$data: com.feature.edureminder.texteditor.model.ImageData declared in com.feature.edureminder.texteditor.model.RichSpanStyle.Image.createInlineTextContent$lambda$4.<no name provided>.<init>' type=com.feature.edureminder.texteditor.model.ImageData origin=null
              SET_FIELD 'FIELD FIELD_FOR_CAPTURED_VALUE name:$density type:androidx.compose.ui.unit.Density visibility:public/*package*/ [final] declared in com.feature.edureminder.texteditor.model.RichSpanStyle.Image.createInlineTextContent$lambda$4.<no name provided>' type=kotlin.Unit origin=INITIALIZER_OF_FIELD_FOR_CAPTURED_VALUE
                receiver: GET_VAR '<this>: com.feature.edureminder.texteditor.model.RichSpanStyle.Image.createInlineTextContent$lambda$4.<no name provided> declared in com.feature.edureminder.texteditor.model.RichSpanStyle.Image.createInlineTextContent$lambda$4.<no name provided>' type=com.feature.edureminder.texteditor.model.RichSpanStyle.Image.createInlineTextContent$lambda$4.<no name provided> origin=null
                value: GET_VAR '$density: androidx.compose.ui.unit.Density declared in com.feature.edureminder.texteditor.model.RichSpanStyle.Image.createInlineTextContent$lambda$4.<no name provided>.<init>' type=androidx.compose.ui.unit.Density origin=null
              SET_FIELD 'FIELD FIELD_FOR_CAPTURED_VALUE name:this$0 type:com.feature.edureminder.texteditor.model.RichSpanStyle.Image visibility:public/*package*/ [final] declared in com.feature.edureminder.texteditor.model.RichSpanStyle.Image.createInlineTextContent$lambda$4.<no name provided>' type=kotlin.Unit origin=INITIALIZER_OF_FIELD_FOR_CAPTURED_VALUE
                receiver: GET_VAR '<this>: com.feature.edureminder.texteditor.model.RichSpanStyle.Image.createInlineTextContent$lambda$4.<no name provided> declared in com.feature.edureminder.texteditor.model.RichSpanStyle.Image.createInlineTextContent$lambda$4.<no name provided>' type=com.feature.edureminder.texteditor.model.RichSpanStyle.Image.createInlineTextContent$lambda$4.<no name provided> origin=null
                value: GET_VAR 'this$0: com.feature.edureminder.texteditor.model.RichSpanStyle.Image declared in com.feature.edureminder.texteditor.model.RichSpanStyle.Image.createInlineTextContent$lambda$4.<no name provided>.<init>' type=com.feature.edureminder.texteditor.model.RichSpanStyle.Image origin=null
              SET_FIELD 'FIELD FIELD_FOR_CAPTURED_VALUE name:$richTextState type:com.feature.edureminder.texteditor.model.RichTextState visibility:public/*package*/ [final] declared in com.feature.edureminder.texteditor.model.RichSpanStyle.Image.createInlineTextContent$lambda$4.<no name provided>' type=kotlin.Unit origin=INITIALIZER_OF_FIELD_FOR_CAPTURED_VALUE
                receiver: GET_VAR '<this>: com.feature.edureminder.texteditor.model.RichSpanStyle.Image.createInlineTextContent$lambda$4.<no name provided> declared in com.feature.edureminder.texteditor.model.RichSpanStyle.Image.createInlineTextContent$lambda$4.<no name provided>' type=com.feature.edureminder.texteditor.model.RichSpanStyle.Image.createInlineTextContent$lambda$4.<no name provided> origin=null
                value: GET_VAR '$richTextState: com.feature.edureminder.texteditor.model.RichTextState declared in com.feature.edureminder.texteditor.model.RichSpanStyle.Image.createInlineTextContent$lambda$4.<no name provided>.<init>' type=com.feature.edureminder.texteditor.model.RichTextState origin=null
              DELEGATING_CONSTRUCTOR_CALL 'public constructor <init> (arity: kotlin.Int, $completion: kotlin.coroutines.Continuation<kotlin.Any?>?) declared in kotlin.coroutines.jvm.internal.SuspendLambda'
                ARG arity: CONST Int type=kotlin.Int value=2
                ARG $completion: GET_VAR '$completion: kotlin.coroutines.Continuation<com.feature.edureminder.texteditor.model.RichSpanStyle.Image.createInlineTextContent$lambda$4.<no name provided>>? declared in com.feature.edureminder.texteditor.model.RichSpanStyle.Image.createInlineTextContent$lambda$4.<no name provided>.<init>' type=kotlin.coroutines.Continuation<com.feature.edureminder.texteditor.model.RichSpanStyle.Image.createInlineTextContent$lambda$4.<no name provided>>? origin=null
              BLOCK type=kotlin.Unit origin=null
          FUN name:invokeSuspend visibility:public modality:FINAL returnType:kotlin.Any?
            VALUE_PARAMETER INSTANCE_RECEIVER kind:DispatchReceiver name:<this> index:0 type:com.feature.edureminder.texteditor.model.RichSpanStyle.Image.createInlineTextContent$lambda$4.<no name provided>
            VALUE_PARAMETER kind:Regular name:$result index:1 type:kotlin.Result<kotlin.Any?>
            overridden:
              protected abstract fun invokeSuspend ($result: kotlin.Result<kotlin.Any?>): kotlin.Any? declared in kotlin.coroutines.jvm.internal.SuspendLambda
            BLOCK_BODY
              WHEN type=kotlin.Unit origin=IF
                BRANCH
                  if: CALL 'public final fun isUnspecified-uvyYCjk ($this$isUnspecified: androidx.compose.ui.geometry.Size): kotlin.Boolean [inline] declared in androidx.compose.ui.geometry.SizeKt' type=kotlin.Boolean origin=GET_PROPERTY
                    ARG $this$isUnspecified: CALL 'public abstract fun getIntrinsicSize-NH-jbRc (): androidx.compose.ui.geometry.Size declared in androidx.compose.ui.graphics.painter.Painter' type=androidx.compose.ui.geometry.Size origin=GET_PROPERTY
                      ARG <this>: CALL 'public final fun <get-painter> (): androidx.compose.ui.graphics.painter.Painter declared in com.feature.edureminder.texteditor.model.ImageData' type=androidx.compose.ui.graphics.painter.Painter origin=GET_PROPERTY
                        ARG <this>: GET_FIELD 'FIELD FIELD_FOR_CAPTURED_VALUE name:$data type:com.feature.edureminder.texteditor.model.ImageData visibility:public/*package*/ [final] declared in com.feature.edureminder.texteditor.model.RichSpanStyle.Image.createInlineTextContent$lambda$4.<no name provided>' type=com.feature.edureminder.texteditor.model.ImageData origin=null
                          receiver: GET_VAR '<this>: com.feature.edureminder.texteditor.model.RichSpanStyle.Image.createInlineTextContent$lambda$4.<no name provided> declared in com.feature.edureminder.texteditor.model.RichSpanStyle.Image.createInlineTextContent$lambda$4.<no name provided>.invokeSuspend' type=com.feature.edureminder.texteditor.model.RichSpanStyle.Image.createInlineTextContent$lambda$4.<no name provided> origin=null
                  then: RETURN type=kotlin.Nothing from='public final fun invokeSuspend ($result: kotlin.Result<kotlin.Any?>): kotlin.Any? declared in com.feature.edureminder.texteditor.model.RichSpanStyle.Image.createInlineTextContent$lambda$4.<no name provided>'
                    GET_FIELD 'FIELD FIELD_FOR_OBJECT_INSTANCE name:INSTANCE type:kotlin.Unit visibility:public [final,static] declared in kotlin.Unit' type=kotlin.Unit origin=null
              VAR name:newWidth type:androidx.compose.ui.unit.TextUnit [val]
                CALL 'public final fun with <T, R> (receiver: T of kotlin.StandardKt.with, block: @[ExtensionFunctionType] kotlin.Function1<T of kotlin.StandardKt.with, R of kotlin.StandardKt.with>): R of kotlin.StandardKt.with [inline] declared in kotlin.StandardKt' type=androidx.compose.ui.unit.TextUnit origin=null
                  TYPE_ARG T: androidx.compose.ui.unit.Density
                  TYPE_ARG R: androidx.compose.ui.unit.TextUnit
                  ARG receiver: GET_FIELD 'FIELD FIELD_FOR_CAPTURED_VALUE name:$density type:androidx.compose.ui.unit.Density visibility:public/*package*/ [final] declared in com.feature.edureminder.texteditor.model.RichSpanStyle.Image.createInlineTextContent$lambda$4.<no name provided>' type=androidx.compose.ui.unit.Density origin=null
                    receiver: GET_VAR '<this>: com.feature.edureminder.texteditor.model.RichSpanStyle.Image.createInlineTextContent$lambda$4.<no name provided> declared in com.feature.edureminder.texteditor.model.RichSpanStyle.Image.createInlineTextContent$lambda$4.<no name provided>.invokeSuspend' type=com.feature.edureminder.texteditor.model.RichSpanStyle.Image.createInlineTextContent$lambda$4.<no name provided> origin=null
                  ARG block: BLOCK type=@[ExtensionFunctionType] kotlin.Function1<androidx.compose.ui.unit.Density, androidx.compose.ui.unit.TextUnit> origin=LAMBDA
                    COMPOSITE type=kotlin.Unit origin=null
                    FUNCTION_REFERENCE 'private final fun invokeSuspend$lambda$0 ($this$with: androidx.compose.ui.unit.Density, $data: com.feature.edureminder.texteditor.model.ImageData): androidx.compose.ui.unit.TextUnit declared in com.feature.edureminder.texteditor.model.RichSpanStyle.Image.createInlineTextContent$lambda$4.<no name provided>' type=@[ExtensionFunctionType] kotlin.Function1<androidx.compose.ui.unit.Density, androidx.compose.ui.unit.TextUnit> origin=INLINE_LAMBDA reflectionTarget=null
                      ARG $data: GET_FIELD 'FIELD FIELD_FOR_CAPTURED_VALUE name:$data type:com.feature.edureminder.texteditor.model.ImageData visibility:public/*package*/ [final] declared in com.feature.edureminder.texteditor.model.RichSpanStyle.Image.createInlineTextContent$lambda$4.<no name provided>' type=com.feature.edureminder.texteditor.model.ImageData origin=null
                        receiver: GET_VAR '<this>: com.feature.edureminder.texteditor.model.RichSpanStyle.Image.createInlineTextContent$lambda$4.<no name provided> declared in com.feature.edureminder.texteditor.model.RichSpanStyle.Image.createInlineTextContent$lambda$4.<no name provided>.invokeSuspend' type=com.feature.edureminder.texteditor.model.RichSpanStyle.Image.createInlineTextContent$lambda$4.<no name provided> origin=null
              VAR name:newHeight type:androidx.compose.ui.unit.TextUnit [val]
                CALL 'public final fun with <T, R> (receiver: T of kotlin.StandardKt.with, block: @[ExtensionFunctionType] kotlin.Function1<T of kotlin.StandardKt.with, R of kotlin.StandardKt.with>): R of kotlin.StandardKt.with [inline] declared in kotlin.StandardKt' type=androidx.compose.ui.unit.TextUnit origin=null
                  TYPE_ARG T: androidx.compose.ui.unit.Density
                  TYPE_ARG R: androidx.compose.ui.unit.TextUnit
                  ARG receiver: GET_FIELD 'FIELD FIELD_FOR_CAPTURED_VALUE name:$density type:androidx.compose.ui.unit.Density visibility:public/*package*/ [final] declared in com.feature.edureminder.texteditor.model.RichSpanStyle.Image.createInlineTextContent$lambda$4.<no name provided>' type=androidx.compose.ui.unit.Density origin=null
                    receiver: GET_VAR '<this>: com.feature.edureminder.texteditor.model.RichSpanStyle.Image.createInlineTextContent$lambda$4.<no name provided> declared in com.feature.edureminder.texteditor.model.RichSpanStyle.Image.createInlineTextContent$lambda$4.<no name provided>.invokeSuspend' type=com.feature.edureminder.texteditor.model.RichSpanStyle.Image.createInlineTextContent$lambda$4.<no name provided> origin=null
                  ARG block: BLOCK type=@[ExtensionFunctionType] kotlin.Function1<androidx.compose.ui.unit.Density, androidx.compose.ui.unit.TextUnit> origin=LAMBDA
                    COMPOSITE type=kotlin.Unit origin=null
                    FUNCTION_REFERENCE 'private final fun invokeSuspend$lambda$1 ($this$with: androidx.compose.ui.unit.Density, $data: com.feature.edureminder.texteditor.model.ImageData): androidx.compose.ui.unit.TextUnit declared in com.feature.edureminder.texteditor.model.RichSpanStyle.Image.createInlineTextContent$lambda$4.<no name provided>' type=@[ExtensionFunctionType] kotlin.Function1<androidx.compose.ui.unit.Density, androidx.compose.ui.unit.TextUnit> origin=INLINE_LAMBDA reflectionTarget=null
                      ARG $data: GET_FIELD 'FIELD FIELD_FOR_CAPTURED_VALUE name:$data type:com.feature.edureminder.texteditor.model.ImageData visibility:public/*package*/ [final] declared in com.feature.edureminder.texteditor.model.RichSpanStyle.Image.createInlineTextContent$lambda$4.<no name provided>' type=com.feature.edureminder.texteditor.model.ImageData origin=null
                        receiver: GET_VAR '<this>: com.feature.edureminder.texteditor.model.RichSpanStyle.Image.createInlineTextContent$lambda$4.<no name provided> declared in com.feature.edureminder.texteditor.model.RichSpanStyle.Image.createInlineTextContent$lambda$4.<no name provided>.invokeSuspend' type=com.feature.edureminder.texteditor.model.RichSpanStyle.Image.createInlineTextContent$lambda$4.<no name provided> origin=null
              WHEN type=kotlin.Unit origin=IF
                BRANCH
                  if: CALL 'public final fun ANDAND (arg0: kotlin.Boolean, arg1: kotlin.Boolean): kotlin.Boolean declared in kotlin.internal.ir' type=kotlin.Boolean origin=null
                    ARG arg0: CALL 'public final fun equals-impl0 (p1: androidx.compose.ui.unit.TextUnit, p2: androidx.compose.ui.unit.TextUnit): kotlin.Boolean declared in androidx.compose.ui.unit.TextUnit' type=kotlin.Boolean origin=null
                      ARG p1: CALL 'public final fun getWidth-XSAIIZE (): androidx.compose.ui.unit.TextUnit declared in com.feature.edureminder.texteditor.model.RichSpanStyle.Image' type=androidx.compose.ui.unit.TextUnit origin=GET_PROPERTY
                        ARG <this>: GET_FIELD 'FIELD FIELD_FOR_CAPTURED_VALUE name:this$0 type:com.feature.edureminder.texteditor.model.RichSpanStyle.Image visibility:public/*package*/ [final] declared in com.feature.edureminder.texteditor.model.RichSpanStyle.Image.createInlineTextContent$lambda$4.<no name provided>' type=com.feature.edureminder.texteditor.model.RichSpanStyle.Image origin=null
                          receiver: GET_VAR '<this>: com.feature.edureminder.texteditor.model.RichSpanStyle.Image.createInlineTextContent$lambda$4.<no name provided> declared in com.feature.edureminder.texteditor.model.RichSpanStyle.Image.createInlineTextContent$lambda$4.<no name provided>.invokeSuspend' type=com.feature.edureminder.texteditor.model.RichSpanStyle.Image.createInlineTextContent$lambda$4.<no name provided> origin=null
                      ARG p2: GET_VAR 'val newWidth: androidx.compose.ui.unit.TextUnit [val] declared in com.feature.edureminder.texteditor.model.RichSpanStyle.Image.createInlineTextContent$lambda$4.<no name provided>.invokeSuspend' type=androidx.compose.ui.unit.TextUnit origin=null
                    ARG arg1: CALL 'public final fun equals-impl0 (p1: androidx.compose.ui.unit.TextUnit, p2: androidx.compose.ui.unit.TextUnit): kotlin.Boolean declared in androidx.compose.ui.unit.TextUnit' type=kotlin.Boolean origin=null
                      ARG p1: CALL 'public final fun getHeight-XSAIIZE (): androidx.compose.ui.unit.TextUnit declared in com.feature.edureminder.texteditor.model.RichSpanStyle.Image' type=androidx.compose.ui.unit.TextUnit origin=GET_PROPERTY
                        ARG <this>: GET_FIELD 'FIELD FIELD_FOR_CAPTURED_VALUE name:this$0 type:com.feature.edureminder.texteditor.model.RichSpanStyle.Image visibility:public/*package*/ [final] declared in com.feature.edureminder.texteditor.model.RichSpanStyle.Image.createInlineTextContent$lambda$4.<no name provided>' type=com.feature.edureminder.texteditor.model.RichSpanStyle.Image origin=null
                          receiver: GET_VAR '<this>: com.feature.edureminder.texteditor.model.RichSpanStyle.Image.createInlineTextContent$lambda$4.<no name provided> declared in com.feature.edureminder.texteditor.model.RichSpanStyle.Image.createInlineTextContent$lambda$4.<no name provided>.invokeSuspend' type=com.feature.edureminder.texteditor.model.RichSpanStyle.Image.createInlineTextContent$lambda$4.<no name provided> origin=null
                      ARG p2: GET_VAR 'val newHeight: androidx.compose.ui.unit.TextUnit [val] declared in com.feature.edureminder.texteditor.model.RichSpanStyle.Image.createInlineTextContent$lambda$4.<no name provided>.invokeSuspend' type=androidx.compose.ui.unit.TextUnit origin=null
                  then: RETURN type=kotlin.Nothing from='public final fun invokeSuspend ($result: kotlin.Result<kotlin.Any?>): kotlin.Any? declared in com.feature.edureminder.texteditor.model.RichSpanStyle.Image.createInlineTextContent$lambda$4.<no name provided>'
                    GET_FIELD 'FIELD FIELD_FOR_OBJECT_INSTANCE name:INSTANCE type:kotlin.Unit visibility:public [final,static] declared in kotlin.Unit' type=kotlin.Unit origin=null
              COMPOSITE type=kotlin.Unit origin=null
                CALL 'public open fun remove (key: K of androidx.compose.runtime.snapshots.SnapshotStateMap): V of androidx.compose.runtime.snapshots.SnapshotStateMap? declared in androidx.compose.runtime.snapshots.SnapshotStateMap' type=androidx.compose.foundation.text.InlineTextContent? origin=null
                  ARG <this>: CALL 'internal final fun <get-inlineContentMap> (): androidx.compose.runtime.snapshots.SnapshotStateMap<kotlin.String, androidx.compose.foundation.text.InlineTextContent> declared in com.feature.edureminder.texteditor.model.RichTextState' type=androidx.compose.runtime.snapshots.SnapshotStateMap<kotlin.String, androidx.compose.foundation.text.InlineTextContent> origin=GET_PROPERTY
                    ARG <this>: GET_FIELD 'FIELD FIELD_FOR_CAPTURED_VALUE name:$richTextState type:com.feature.edureminder.texteditor.model.RichTextState visibility:public/*package*/ [final] declared in com.feature.edureminder.texteditor.model.RichSpanStyle.Image.createInlineTextContent$lambda$4.<no name provided>' type=com.feature.edureminder.texteditor.model.RichTextState origin=null
                      receiver: GET_VAR '<this>: com.feature.edureminder.texteditor.model.RichSpanStyle.Image.createInlineTextContent$lambda$4.<no name provided> declared in com.feature.edureminder.texteditor.model.RichSpanStyle.Image.createInlineTextContent$lambda$4.<no name provided>.invokeSuspend' type=com.feature.edureminder.texteditor.model.RichSpanStyle.Image.createInlineTextContent$lambda$4.<no name provided> origin=null
                  ARG key: CALL 'public final fun access$getId ($this: com.feature.edureminder.texteditor.model.RichSpanStyle.Image): kotlin.String declared in com.feature.edureminder.texteditor.model.RichSpanStyle.Image' type=kotlin.String origin=GET_PROPERTY
                    ARG $this: GET_FIELD 'FIELD FIELD_FOR_CAPTURED_VALUE name:this$0 type:com.feature.edureminder.texteditor.model.RichSpanStyle.Image visibility:public/*package*/ [final] declared in com.feature.edureminder.texteditor.model.RichSpanStyle.Image.createInlineTextContent$lambda$4.<no name provided>' type=com.feature.edureminder.texteditor.model.RichSpanStyle.Image origin=null
                      receiver: GET_VAR '<this>: com.feature.edureminder.texteditor.model.RichSpanStyle.Image.createInlineTextContent$lambda$4.<no name provided> declared in com.feature.edureminder.texteditor.model.RichSpanStyle.Image.createInlineTextContent$lambda$4.<no name provided>.invokeSuspend' type=com.feature.edureminder.texteditor.model.RichSpanStyle.Image.createInlineTextContent$lambda$4.<no name provided> origin=null
                COMPOSITE type=kotlin.Unit origin=null
              WHEN type=kotlin.Unit origin=IF
                BRANCH
                  if: CALL 'public final fun OROR (arg0: kotlin.Boolean, arg1: kotlin.Boolean): kotlin.Boolean declared in kotlin.internal.ir' type=kotlin.Boolean origin=null
                    ARG arg0: CALL 'public final fun isUnspecified--R2X_6o ($this$isUnspecified: androidx.compose.ui.unit.TextUnit): kotlin.Boolean [inline] declared in androidx.compose.ui.unit.TextUnitKt' type=kotlin.Boolean origin=GET_PROPERTY
                      ARG $this$isUnspecified: CALL 'public final fun getWidth-XSAIIZE (): androidx.compose.ui.unit.TextUnit declared in com.feature.edureminder.texteditor.model.RichSpanStyle.Image' type=androidx.compose.ui.unit.TextUnit origin=GET_PROPERTY
                        ARG <this>: GET_FIELD 'FIELD FIELD_FOR_CAPTURED_VALUE name:this$0 type:com.feature.edureminder.texteditor.model.RichSpanStyle.Image visibility:public/*package*/ [final] declared in com.feature.edureminder.texteditor.model.RichSpanStyle.Image.createInlineTextContent$lambda$4.<no name provided>' type=com.feature.edureminder.texteditor.model.RichSpanStyle.Image origin=null
                          receiver: GET_VAR '<this>: com.feature.edureminder.texteditor.model.RichSpanStyle.Image.createInlineTextContent$lambda$4.<no name provided> declared in com.feature.edureminder.texteditor.model.RichSpanStyle.Image.createInlineTextContent$lambda$4.<no name provided>.invokeSuspend' type=com.feature.edureminder.texteditor.model.RichSpanStyle.Image.createInlineTextContent$lambda$4.<no name provided> origin=null
                    ARG arg1: CALL 'public final fun lessOrEqual (arg0: kotlin.Float, arg1: kotlin.Float): kotlin.Boolean declared in kotlin.internal.ir' type=kotlin.Boolean origin=LTEQ
                      ARG arg0: CALL 'public final fun getValue-impl (arg0: androidx.compose.ui.unit.TextUnit): kotlin.Float declared in androidx.compose.ui.unit.TextUnit' type=kotlin.Float origin=GET_PROPERTY
                        ARG arg0: CALL 'public final fun getWidth-XSAIIZE (): androidx.compose.ui.unit.TextUnit declared in com.feature.edureminder.texteditor.model.RichSpanStyle.Image' type=androidx.compose.ui.unit.TextUnit origin=GET_PROPERTY
                          ARG <this>: GET_FIELD 'FIELD FIELD_FOR_CAPTURED_VALUE name:this$0 type:com.feature.edureminder.texteditor.model.RichSpanStyle.Image visibility:public/*package*/ [final] declared in com.feature.edureminder.texteditor.model.RichSpanStyle.Image.createInlineTextContent$lambda$4.<no name provided>' type=com.feature.edureminder.texteditor.model.RichSpanStyle.Image origin=null
                            receiver: GET_VAR '<this>: com.feature.edureminder.texteditor.model.RichSpanStyle.Image.createInlineTextContent$lambda$4.<no name provided> declared in com.feature.edureminder.texteditor.model.RichSpanStyle.Image.createInlineTextContent$lambda$4.<no name provided>.invokeSuspend' type=com.feature.edureminder.texteditor.model.RichSpanStyle.Image.createInlineTextContent$lambda$4.<no name provided> origin=null
                      ARG arg1: CONST Float type=kotlin.Float value=0.0
                  then: CALL 'public final fun access$setWidth--R2X_6o ($this: com.feature.edureminder.texteditor.model.RichSpanStyle.Image, <set-?>: androidx.compose.ui.unit.TextUnit): kotlin.Unit declared in com.feature.edureminder.texteditor.model.RichSpanStyle.Image' type=kotlin.Unit origin=EQ
                    ARG $this: GET_FIELD 'FIELD FIELD_FOR_CAPTURED_VALUE name:this$0 type:com.feature.edureminder.texteditor.model.RichSpanStyle.Image visibility:public/*package*/ [final] declared in com.feature.edureminder.texteditor.model.RichSpanStyle.Image.createInlineTextContent$lambda$4.<no name provided>' type=com.feature.edureminder.texteditor.model.RichSpanStyle.Image origin=null
                      receiver: GET_VAR '<this>: com.feature.edureminder.texteditor.model.RichSpanStyle.Image.createInlineTextContent$lambda$4.<no name provided> declared in com.feature.edureminder.texteditor.model.RichSpanStyle.Image.createInlineTextContent$lambda$4.<no name provided>.invokeSuspend' type=com.feature.edureminder.texteditor.model.RichSpanStyle.Image.createInlineTextContent$lambda$4.<no name provided> origin=null
                    ARG <set-?>: GET_VAR 'val newWidth: androidx.compose.ui.unit.TextUnit [val] declared in com.feature.edureminder.texteditor.model.RichSpanStyle.Image.createInlineTextContent$lambda$4.<no name provided>.invokeSuspend' type=androidx.compose.ui.unit.TextUnit origin=null
              WHEN type=kotlin.Unit origin=IF
                BRANCH
                  if: CALL 'public final fun OROR (arg0: kotlin.Boolean, arg1: kotlin.Boolean): kotlin.Boolean declared in kotlin.internal.ir' type=kotlin.Boolean origin=null
                    ARG arg0: CALL 'public final fun isUnspecified--R2X_6o ($this$isUnspecified: androidx.compose.ui.unit.TextUnit): kotlin.Boolean [inline] declared in androidx.compose.ui.unit.TextUnitKt' type=kotlin.Boolean origin=GET_PROPERTY
                      ARG $this$isUnspecified: CALL 'public final fun getHeight-XSAIIZE (): androidx.compose.ui.unit.TextUnit declared in com.feature.edureminder.texteditor.model.RichSpanStyle.Image' type=androidx.compose.ui.unit.TextUnit origin=GET_PROPERTY
                        ARG <this>: GET_FIELD 'FIELD FIELD_FOR_CAPTURED_VALUE name:this$0 type:com.feature.edureminder.texteditor.model.RichSpanStyle.Image visibility:public/*package*/ [final] declared in com.feature.edureminder.texteditor.model.RichSpanStyle.Image.createInlineTextContent$lambda$4.<no name provided>' type=com.feature.edureminder.texteditor.model.RichSpanStyle.Image origin=null
                          receiver: GET_VAR '<this>: com.feature.edureminder.texteditor.model.RichSpanStyle.Image.createInlineTextContent$lambda$4.<no name provided> declared in com.feature.edureminder.texteditor.model.RichSpanStyle.Image.createInlineTextContent$lambda$4.<no name provided>.invokeSuspend' type=com.feature.edureminder.texteditor.model.RichSpanStyle.Image.createInlineTextContent$lambda$4.<no name provided> origin=null
                    ARG arg1: CALL 'public final fun lessOrEqual (arg0: kotlin.Float, arg1: kotlin.Float): kotlin.Boolean declared in kotlin.internal.ir' type=kotlin.Boolean origin=LTEQ
                      ARG arg0: CALL 'public final fun getValue-impl (arg0: androidx.compose.ui.unit.TextUnit): kotlin.Float declared in androidx.compose.ui.unit.TextUnit' type=kotlin.Float origin=GET_PROPERTY
                        ARG arg0: CALL 'public final fun getHeight-XSAIIZE (): androidx.compose.ui.unit.TextUnit declared in com.feature.edureminder.texteditor.model.RichSpanStyle.Image' type=androidx.compose.ui.unit.TextUnit origin=GET_PROPERTY
                          ARG <this>: GET_FIELD 'FIELD FIELD_FOR_CAPTURED_VALUE name:this$0 type:com.feature.edureminder.texteditor.model.RichSpanStyle.Image visibility:public/*package*/ [final] declared in com.feature.edureminder.texteditor.model.RichSpanStyle.Image.createInlineTextContent$lambda$4.<no name provided>' type=com.feature.edureminder.texteditor.model.RichSpanStyle.Image origin=null
                            receiver: GET_VAR '<this>: com.feature.edureminder.texteditor.model.RichSpanStyle.Image.createInlineTextContent$lambda$4.<no name provided> declared in com.feature.edureminder.texteditor.model.RichSpanStyle.Image.createInlineTextContent$lambda$4.<no name provided>.invokeSuspend' type=com.feature.edureminder.texteditor.model.RichSpanStyle.Image.createInlineTextContent$lambda$4.<no name provided> origin=null
                      ARG arg1: CONST Float type=kotlin.Float value=0.0
                  then: CALL 'public final fun access$setHeight--R2X_6o ($this: com.feature.edureminder.texteditor.model.RichSpanStyle.Image, <set-?>: androidx.compose.ui.unit.TextUnit): kotlin.Unit declared in com.feature.edureminder.texteditor.model.RichSpanStyle.Image' type=kotlin.Unit origin=EQ
                    ARG $this: GET_FIELD 'FIELD FIELD_FOR_CAPTURED_VALUE name:this$0 type:com.feature.edureminder.texteditor.model.RichSpanStyle.Image visibility:public/*package*/ [final] declared in com.feature.edureminder.texteditor.model.RichSpanStyle.Image.createInlineTextContent$lambda$4.<no name provided>' type=com.feature.edureminder.texteditor.model.RichSpanStyle.Image origin=null
                      receiver: GET_VAR '<this>: com.feature.edureminder.texteditor.model.RichSpanStyle.Image.createInlineTextContent$lambda$4.<no name provided> declared in com.feature.edureminder.texteditor.model.RichSpanStyle.Image.createInlineTextContent$lambda$4.<no name provided>.invokeSuspend' type=com.feature.edureminder.texteditor.model.RichSpanStyle.Image.createInlineTextContent$lambda$4.<no name provided> origin=null
                    ARG <set-?>: GET_VAR 'val newHeight: androidx.compose.ui.unit.TextUnit [val] declared in com.feature.edureminder.texteditor.model.RichSpanStyle.Image.createInlineTextContent$lambda$4.<no name provided>.invokeSuspend' type=androidx.compose.ui.unit.TextUnit origin=null
              CALL 'public final fun set <K, V> (<this>: kotlin.collections.MutableMap<K of kotlin.collections.MapsKt.set, V of kotlin.collections.MapsKt.set>, key: K of kotlin.collections.MapsKt.set, value: V of kotlin.collections.MapsKt.set): kotlin.Unit [inline,operator] declared in kotlin.collections.MapsKt' type=kotlin.Unit origin=EQ
                TYPE_ARG K: kotlin.String
                TYPE_ARG V: androidx.compose.foundation.text.InlineTextContent
                ARG <this>: CALL 'internal final fun <get-inlineContentMap> (): androidx.compose.runtime.snapshots.SnapshotStateMap<kotlin.String, androidx.compose.foundation.text.InlineTextContent> declared in com.feature.edureminder.texteditor.model.RichTextState' type=androidx.compose.runtime.snapshots.SnapshotStateMap<kotlin.String, androidx.compose.foundation.text.InlineTextContent> origin=GET_PROPERTY
                  ARG <this>: GET_FIELD 'FIELD FIELD_FOR_CAPTURED_VALUE name:$richTextState type:com.feature.edureminder.texteditor.model.RichTextState visibility:public/*package*/ [final] declared in com.feature.edureminder.texteditor.model.RichSpanStyle.Image.createInlineTextContent$lambda$4.<no name provided>' type=com.feature.edureminder.texteditor.model.RichTextState origin=null
                    receiver: GET_VAR '<this>: com.feature.edureminder.texteditor.model.RichSpanStyle.Image.createInlineTextContent$lambda$4.<no name provided> declared in com.feature.edureminder.texteditor.model.RichSpanStyle.Image.createInlineTextContent$lambda$4.<no name provided>.invokeSuspend' type=com.feature.edureminder.texteditor.model.RichSpanStyle.Image.createInlineTextContent$lambda$4.<no name provided> origin=null
                ARG key: CALL 'public final fun access$getId ($this: com.feature.edureminder.texteditor.model.RichSpanStyle.Image): kotlin.String declared in com.feature.edureminder.texteditor.model.RichSpanStyle.Image' type=kotlin.String origin=GET_PROPERTY
                  ARG $this: GET_FIELD 'FIELD FIELD_FOR_CAPTURED_VALUE name:this$0 type:com.feature.edureminder.texteditor.model.RichSpanStyle.Image visibility:public/*package*/ [final] declared in com.feature.edureminder.texteditor.model.RichSpanStyle.Image.createInlineTextContent$lambda$4.<no name provided>' type=com.feature.edureminder.texteditor.model.RichSpanStyle.Image origin=null
                    receiver: GET_VAR '<this>: com.feature.edureminder.texteditor.model.RichSpanStyle.Image.createInlineTextContent$lambda$4.<no name provided> declared in com.feature.edureminder.texteditor.model.RichSpanStyle.Image.createInlineTextContent$lambda$4.<no name provided>.invokeSuspend' type=com.feature.edureminder.texteditor.model.RichSpanStyle.Image.createInlineTextContent$lambda$4.<no name provided> origin=null
                ARG value: CALL 'public final fun access$createInlineTextContent ($this: com.feature.edureminder.texteditor.model.RichSpanStyle.Image, richTextState: com.feature.edureminder.texteditor.model.RichTextState): androidx.compose.foundation.text.InlineTextContent declared in com.feature.edureminder.texteditor.model.RichSpanStyle.Image' type=androidx.compose.foundation.text.InlineTextContent origin=null
                  ARG $this: GET_FIELD 'FIELD FIELD_FOR_CAPTURED_VALUE name:this$0 type:com.feature.edureminder.texteditor.model.RichSpanStyle.Image visibility:public/*package*/ [final] declared in com.feature.edureminder.texteditor.model.RichSpanStyle.Image.createInlineTextContent$lambda$4.<no name provided>' type=com.feature.edureminder.texteditor.model.RichSpanStyle.Image origin=null
                    receiver: GET_VAR '<this>: com.feature.edureminder.texteditor.model.RichSpanStyle.Image.createInlineTextContent$lambda$4.<no name provided> declared in com.feature.edureminder.texteditor.model.RichSpanStyle.Image.createInlineTextContent$lambda$4.<no name provided>.invokeSuspend' type=com.feature.edureminder.texteditor.model.RichSpanStyle.Image.createInlineTextContent$lambda$4.<no name provided> origin=null
                  ARG richTextState: GET_FIELD 'FIELD FIELD_FOR_CAPTURED_VALUE name:$richTextState type:com.feature.edureminder.texteditor.model.RichTextState visibility:public/*package*/ [final] declared in com.feature.edureminder.texteditor.model.RichSpanStyle.Image.createInlineTextContent$lambda$4.<no name provided>' type=com.feature.edureminder.texteditor.model.RichTextState origin=null
                    receiver: GET_VAR '<this>: com.feature.edureminder.texteditor.model.RichSpanStyle.Image.createInlineTextContent$lambda$4.<no name provided> declared in com.feature.edureminder.texteditor.model.RichSpanStyle.Image.createInlineTextContent$lambda$4.<no name provided>.invokeSuspend' type=com.feature.edureminder.texteditor.model.RichSpanStyle.Image.createInlineTextContent$lambda$4.<no name provided> origin=null
              CALL 'internal final fun updateAnnotatedString$default ($this: com.feature.edureminder.texteditor.model.RichTextState, newTextFieldValue: androidx.compose.ui.text.input.TextFieldValue?, $mask0: kotlin.Int, $handler: kotlin.Any?): kotlin.Unit declared in com.feature.edureminder.texteditor.model.RichTextState' type=kotlin.Unit origin=DEFAULT_DISPATCH_CALL
                ARG $this: GET_FIELD 'FIELD FIELD_FOR_CAPTURED_VALUE name:$richTextState type:com.feature.edureminder.texteditor.model.RichTextState visibility:public/*package*/ [final] declared in com.feature.edureminder.texteditor.model.RichSpanStyle.Image.createInlineTextContent$lambda$4.<no name provided>' type=com.feature.edureminder.texteditor.model.RichTextState origin=null
                  receiver: GET_VAR '<this>: com.feature.edureminder.texteditor.model.RichSpanStyle.Image.createInlineTextContent$lambda$4.<no name provided> declared in com.feature.edureminder.texteditor.model.RichSpanStyle.Image.createInlineTextContent$lambda$4.<no name provided>.invokeSuspend' type=com.feature.edureminder.texteditor.model.RichSpanStyle.Image.createInlineTextContent$lambda$4.<no name provided> origin=null
                ARG newTextFieldValue: COMPOSITE type=androidx.compose.ui.text.input.TextFieldValue? origin=DEFAULT_VALUE
                  CONST Null type=androidx.compose.ui.text.input.TextFieldValue? value=null
                ARG $mask0: CONST Int type=kotlin.Int value=1
                ARG $handler: CONST Null type=kotlin.Any? value=null
          FUN name:create visibility:public modality:FINAL returnType:kotlin.coroutines.Continuation<kotlin.Unit>
            VALUE_PARAMETER INSTANCE_RECEIVER kind:DispatchReceiver name:<this> index:0 type:com.feature.edureminder.texteditor.model.RichSpanStyle.Image.createInlineTextContent$lambda$4.<no name provided>
            VALUE_PARAMETER kind:Regular name:value index:1 type:kotlin.Any?
            VALUE_PARAMETER kind:Regular name:$completion index:2 type:kotlin.coroutines.Continuation<kotlin.Nothing>
            overridden:
              public open fun create (value: kotlin.Any?, $completion: kotlin.coroutines.Continuation<kotlin.Nothing>): kotlin.coroutines.Continuation<kotlin.Unit> declared in kotlin.coroutines.jvm.internal.SuspendLambda
            BLOCK_BODY
              RETURN type=kotlin.Nothing from='public final fun create (value: kotlin.Any?, $completion: kotlin.coroutines.Continuation<kotlin.Nothing>): kotlin.coroutines.Continuation<kotlin.Unit> declared in com.feature.edureminder.texteditor.model.RichSpanStyle.Image.createInlineTextContent$lambda$4.<no name provided>'
                CONSTRUCTOR_CALL 'public/*package*/ constructor <init> ($data: com.feature.edureminder.texteditor.model.ImageData, $density: androidx.compose.ui.unit.Density, this$0: com.feature.edureminder.texteditor.model.RichSpanStyle.Image, $richTextState: com.feature.edureminder.texteditor.model.RichTextState, $completion: kotlin.coroutines.Continuation<com.feature.edureminder.texteditor.model.RichSpanStyle.Image.createInlineTextContent$lambda$4.<no name provided>>?) [primary] declared in com.feature.edureminder.texteditor.model.RichSpanStyle.Image.createInlineTextContent$lambda$4.<no name provided>' type=com.feature.edureminder.texteditor.model.RichSpanStyle.Image.createInlineTextContent$lambda$4.<no name provided> origin=null
                  ARG $data: GET_FIELD 'FIELD FIELD_FOR_CAPTURED_VALUE name:$data type:com.feature.edureminder.texteditor.model.ImageData visibility:public/*package*/ [final] declared in com.feature.edureminder.texteditor.model.RichSpanStyle.Image.createInlineTextContent$lambda$4.<no name provided>' type=com.feature.edureminder.texteditor.model.ImageData origin=null
                    receiver: GET_VAR '<this>: com.feature.edureminder.texteditor.model.RichSpanStyle.Image.createInlineTextContent$lambda$4.<no name provided> declared in com.feature.edureminder.texteditor.model.RichSpanStyle.Image.createInlineTextContent$lambda$4.<no name provided>.create' type=com.feature.edureminder.texteditor.model.RichSpanStyle.Image.createInlineTextContent$lambda$4.<no name provided> origin=null
                  ARG $density: GET_FIELD 'FIELD FIELD_FOR_CAPTURED_VALUE name:$density type:androidx.compose.ui.unit.Density visibility:public/*package*/ [final] declared in com.feature.edureminder.texteditor.model.RichSpanStyle.Image.createInlineTextContent$lambda$4.<no name provided>' type=androidx.compose.ui.unit.Density origin=null
                    receiver: GET_VAR '<this>: com.feature.edureminder.texteditor.model.RichSpanStyle.Image.createInlineTextContent$lambda$4.<no name provided> declared in com.feature.edureminder.texteditor.model.RichSpanStyle.Image.createInlineTextContent$lambda$4.<no name provided>.create' type=com.feature.edureminder.texteditor.model.RichSpanStyle.Image.createInlineTextContent$lambda$4.<no name provided> origin=null
                  ARG this$0: GET_FIELD 'FIELD FIELD_FOR_CAPTURED_VALUE name:this$0 type:com.feature.edureminder.texteditor.model.RichSpanStyle.Image visibility:public/*package*/ [final] declared in com.feature.edureminder.texteditor.model.RichSpanStyle.Image.createInlineTextContent$lambda$4.<no name provided>' type=com.feature.edureminder.texteditor.model.RichSpanStyle.Image origin=null
                    receiver: GET_VAR '<this>: com.feature.edureminder.texteditor.model.RichSpanStyle.Image.createInlineTextContent$lambda$4.<no name provided> declared in com.feature.edureminder.texteditor.model.RichSpanStyle.Image.createInlineTextContent$lambda$4.<no name provided>.create' type=com.feature.edureminder.texteditor.model.RichSpanStyle.Image.createInlineTextContent$lambda$4.<no name provided> origin=null
                  ARG $richTextState: GET_FIELD 'FIELD FIELD_FOR_CAPTURED_VALUE name:$richTextState type:com.feature.edureminder.texteditor.model.RichTextState visibility:public/*package*/ [final] declared in com.feature.edureminder.texteditor.model.RichSpanStyle.Image.createInlineTextContent$lambda$4.<no name provided>' type=com.feature.edureminder.texteditor.model.RichTextState origin=null
                    receiver: GET_VAR '<this>: com.feature.edureminder.texteditor.model.RichSpanStyle.Image.createInlineTextContent$lambda$4.<no name provided> declared in com.feature.edureminder.texteditor.model.RichSpanStyle.Image.createInlineTextContent$lambda$4.<no name provided>.create' type=com.feature.edureminder.texteditor.model.RichSpanStyle.Image.createInlineTextContent$lambda$4.<no name provided> origin=null
                  ARG $completion: GET_VAR '$completion: kotlin.coroutines.Continuation<kotlin.Nothing> declared in com.feature.edureminder.texteditor.model.RichSpanStyle.Image.createInlineTextContent$lambda$4.<no name provided>.create' type=kotlin.coroutines.Continuation<kotlin.Nothing> origin=null
          FUN name:invoke visibility:public modality:FINAL returnType:kotlin.Any?
            VALUE_PARAMETER INSTANCE_RECEIVER kind:DispatchReceiver name:<this> index:0 type:com.feature.edureminder.texteditor.model.RichSpanStyle.Image.createInlineTextContent$lambda$4.<no name provided>
            VALUE_PARAMETER kind:Regular name:p1 index:1 type:kotlinx.coroutines.CoroutineScope
            VALUE_PARAMETER kind:Regular name:p2 index:2 type:kotlin.coroutines.Continuation<kotlin.Unit>?
            overridden:
              public abstract fun invoke (p1: P1 of kotlin.jvm.functions.Function2, p2: P2 of kotlin.jvm.functions.Function2): R of kotlin.jvm.functions.Function2 declared in kotlin.jvm.functions.Function2
            BLOCK_BODY
              RETURN type=kotlin.Nothing from='public final fun invoke (p1: kotlinx.coroutines.CoroutineScope, p2: kotlin.coroutines.Continuation<kotlin.Unit>?): kotlin.Any? declared in com.feature.edureminder.texteditor.model.RichSpanStyle.Image.createInlineTextContent$lambda$4.<no name provided>'
                CALL 'public final fun invokeSuspend ($result: kotlin.Result<kotlin.Any?>): kotlin.Any? declared in com.feature.edureminder.texteditor.model.RichSpanStyle.Image.createInlineTextContent$lambda$4.<no name provided>' type=kotlin.Any? origin=null
                  ARG <this>: TYPE_OP type=com.feature.edureminder.texteditor.model.RichSpanStyle.Image.createInlineTextContent$lambda$4.<no name provided> origin=IMPLICIT_CAST typeOperand=com.feature.edureminder.texteditor.model.RichSpanStyle.Image.createInlineTextContent$lambda$4.<no name provided>
                    CALL 'public final fun create (value: kotlin.Any?, $completion: kotlin.coroutines.Continuation<kotlin.Nothing>): kotlin.coroutines.Continuation<kotlin.Unit> declared in com.feature.edureminder.texteditor.model.RichSpanStyle.Image.createInlineTextContent$lambda$4.<no name provided>' type=kotlin.coroutines.Continuation<kotlin.Unit> origin=null
                      ARG <this>: GET_VAR '<this>: com.feature.edureminder.texteditor.model.RichSpanStyle.Image.createInlineTextContent$lambda$4.<no name provided> declared in com.feature.edureminder.texteditor.model.RichSpanStyle.Image.createInlineTextContent$lambda$4.<no name provided>.invoke' type=com.feature.edureminder.texteditor.model.RichSpanStyle.Image.createInlineTextContent$lambda$4.<no name provided> origin=null
                      ARG value: GET_VAR 'p1: kotlinx.coroutines.CoroutineScope declared in com.feature.edureminder.texteditor.model.RichSpanStyle.Image.createInlineTextContent$lambda$4.<no name provided>.invoke' type=kotlinx.coroutines.CoroutineScope origin=null
                      ARG $completion: GET_VAR 'p2: kotlin.coroutines.Continuation<kotlin.Unit>? declared in com.feature.edureminder.texteditor.model.RichSpanStyle.Image.createInlineTextContent$lambda$4.<no name provided>.invoke' type=kotlin.coroutines.Continuation<kotlin.Unit>? origin=null
                  ARG $result: CALL 'public final fun <unsafe-coerce> <T, R> (v: T of kotlin.jvm.internal.<unsafe-coerce>): R of kotlin.jvm.internal.<unsafe-coerce> declared in kotlin.jvm.internal' type=kotlin.Result<kotlin.Any?> origin=null
                    TYPE_ARG T: kotlin.Any?
                    TYPE_ARG R: kotlin.Result<kotlin.Any?>
                    ARG v: GET_FIELD 'FIELD FIELD_FOR_OBJECT_INSTANCE name:INSTANCE type:kotlin.Unit visibility:public [final,static] declared in kotlin.Unit' type=kotlin.Unit origin=null
          FIELD FIELD_FOR_CAPTURED_VALUE name:$data type:com.feature.edureminder.texteditor.model.ImageData visibility:public/*package*/ [final]
          FIELD FIELD_FOR_CAPTURED_VALUE name:$density type:androidx.compose.ui.unit.Density visibility:public/*package*/ [final]
          FIELD FIELD_FOR_CAPTURED_VALUE name:this$0 type:com.feature.edureminder.texteditor.model.RichSpanStyle.Image visibility:public/*package*/ [final]
          FIELD FIELD_FOR_CAPTURED_VALUE name:$richTextState type:com.feature.edureminder.texteditor.model.RichTextState visibility:public/*package*/ [final]
          FUN INLINE_LAMBDA name:invokeSuspend$lambda$0 visibility:private modality:FINAL returnType:androidx.compose.ui.unit.TextUnit
            VALUE_PARAMETER kind:ExtensionReceiver name:$this$with index:0 type:androidx.compose.ui.unit.Density
            VALUE_PARAMETER BOUND_VALUE_PARAMETER kind:Regular name:$data index:1 type:com.feature.edureminder.texteditor.model.ImageData
            BLOCK_BODY
              VAR name:$i$a$-with-RichSpanStyle$Image$createInlineTextContent$1$1$newWidth$1 type:kotlin.Int [val]
                CONST Int type=kotlin.Int value=0
              RETURN type=kotlin.Nothing from='private final fun invokeSuspend$lambda$0 ($this$with: androidx.compose.ui.unit.Density, $data: com.feature.edureminder.texteditor.model.ImageData): androidx.compose.ui.unit.TextUnit declared in com.feature.edureminder.texteditor.model.RichSpanStyle.Image.createInlineTextContent$lambda$4.<no name provided>'
                CALL 'public open fun toSp-kPz2Gy4 ($this$toSp: kotlin.Float): androidx.compose.ui.unit.TextUnit declared in androidx.compose.ui.unit.Density' type=androidx.compose.ui.unit.TextUnit origin=null
                  ARG <this>: GET_VAR '$this$with: androidx.compose.ui.unit.Density declared in com.feature.edureminder.texteditor.model.RichSpanStyle.Image.createInlineTextContent$lambda$4.<no name provided>.invokeSuspend$lambda$0' type=androidx.compose.ui.unit.Density origin=null
                  ARG $this$toSp: CALL 'public final fun coerceAtLeast (<this>: kotlin.Float, minimumValue: kotlin.Float): kotlin.Float declared in kotlin.ranges.RangesKt' type=kotlin.Float origin=null
                    ARG <this>: CALL 'public final fun getWidth-impl (arg0: androidx.compose.ui.geometry.Size): kotlin.Float [inline] declared in androidx.compose.ui.geometry.Size' type=kotlin.Float origin=GET_PROPERTY
                      ARG arg0: CALL 'public abstract fun getIntrinsicSize-NH-jbRc (): androidx.compose.ui.geometry.Size declared in androidx.compose.ui.graphics.painter.Painter' type=androidx.compose.ui.geometry.Size origin=GET_PROPERTY
                        ARG <this>: CALL 'public final fun <get-painter> (): androidx.compose.ui.graphics.painter.Painter declared in com.feature.edureminder.texteditor.model.ImageData' type=androidx.compose.ui.graphics.painter.Painter origin=GET_PROPERTY
                          ARG <this>: GET_VAR '$data: com.feature.edureminder.texteditor.model.ImageData declared in com.feature.edureminder.texteditor.model.RichSpanStyle.Image.createInlineTextContent$lambda$4.<no name provided>.invokeSuspend$lambda$0' type=com.feature.edureminder.texteditor.model.ImageData origin=null
                    ARG minimumValue: CONST Float type=kotlin.Float value=0.0
          FUN INLINE_LAMBDA name:invokeSuspend$lambda$1 visibility:private modality:FINAL returnType:androidx.compose.ui.unit.TextUnit
            VALUE_PARAMETER kind:ExtensionReceiver name:$this$with index:0 type:androidx.compose.ui.unit.Density
            VALUE_PARAMETER BOUND_VALUE_PARAMETER kind:Regular name:$data index:1 type:com.feature.edureminder.texteditor.model.ImageData
            BLOCK_BODY
              VAR name:$i$a$-with-RichSpanStyle$Image$createInlineTextContent$1$1$newHeight$1 type:kotlin.Int [val]
                CONST Int type=kotlin.Int value=0
              RETURN type=kotlin.Nothing from='private final fun invokeSuspend$lambda$1 ($this$with: androidx.compose.ui.unit.Density, $data: com.feature.edureminder.texteditor.model.ImageData): androidx.compose.ui.unit.TextUnit declared in com.feature.edureminder.texteditor.model.RichSpanStyle.Image.createInlineTextContent$lambda$4.<no name provided>'
                CALL 'public open fun toSp-kPz2Gy4 ($this$toSp: kotlin.Float): androidx.compose.ui.unit.TextUnit declared in androidx.compose.ui.unit.Density' type=androidx.compose.ui.unit.TextUnit origin=null
                  ARG <this>: GET_VAR '$this$with: androidx.compose.ui.unit.Density declared in com.feature.edureminder.texteditor.model.RichSpanStyle.Image.createInlineTextContent$lambda$4.<no name provided>.invokeSuspend$lambda$1' type=androidx.compose.ui.unit.Density origin=null
                  ARG $this$toSp: CALL 'public final fun coerceAtLeast (<this>: kotlin.Float, minimumValue: kotlin.Float): kotlin.Float declared in kotlin.ranges.RangesKt' type=kotlin.Float origin=null
                    ARG <this>: CALL 'public final fun getHeight-impl (arg0: androidx.compose.ui.geometry.Size): kotlin.Float [inline] declared in androidx.compose.ui.geometry.Size' type=kotlin.Float origin=GET_PROPERTY
                      ARG arg0: CALL 'public abstract fun getIntrinsicSize-NH-jbRc (): androidx.compose.ui.geometry.Size declared in androidx.compose.ui.graphics.painter.Painter' type=androidx.compose.ui.geometry.Size origin=GET_PROPERTY
                        ARG <this>: CALL 'public final fun <get-painter> (): androidx.compose.ui.graphics.painter.Painter declared in com.feature.edureminder.texteditor.model.ImageData' type=androidx.compose.ui.graphics.painter.Painter origin=GET_PROPERTY
                          ARG <this>: GET_VAR '$data: com.feature.edureminder.texteditor.model.ImageData declared in com.feature.edureminder.texteditor.model.RichSpanStyle.Image.createInlineTextContent$lambda$4.<no name provided>.invokeSuspend$lambda$1' type=com.feature.edureminder.texteditor.model.ImageData origin=null
                    ARG minimumValue: CONST Float type=kotlin.Float value=0.0
          FUN BRIDGE name:invoke visibility:public modality:OPEN returnType:kotlin.Any?
            VALUE_PARAMETER INSTANCE_RECEIVER kind:DispatchReceiver name:<this> index:0 type:com.feature.edureminder.texteditor.model.RichSpanStyle.Image.createInlineTextContent$lambda$4.<no name provided>
            VALUE_PARAMETER BRIDGE kind:Regular name:p1 index:1 type:kotlin.Any?
            VALUE_PARAMETER BRIDGE kind:Regular name:p2 index:2 type:kotlin.Any?
            EXPRESSION_BODY
              RETURN type=kotlin.Nothing from='public open fun invoke (p1: kotlin.Any?, p2: kotlin.Any?): kotlin.Any? declared in com.feature.edureminder.texteditor.model.RichSpanStyle.Image.createInlineTextContent$lambda$4.<no name provided>'
                CALL 'public final fun invoke (p1: kotlinx.coroutines.CoroutineScope, p2: kotlin.coroutines.Continuation<kotlin.Unit>?): kotlin.Any? declared in com.feature.edureminder.texteditor.model.RichSpanStyle.Image.createInlineTextContent$lambda$4.<no name provided>' type=kotlin.Any? origin=BRIDGE_DELEGATION
                  ARG <this>: GET_VAR '<this>: com.feature.edureminder.texteditor.model.RichSpanStyle.Image.createInlineTextContent$lambda$4.<no name provided> declared in com.feature.edureminder.texteditor.model.RichSpanStyle.Image.createInlineTextContent$lambda$4.<no name provided>.invoke' type=com.feature.edureminder.texteditor.model.RichSpanStyle.Image.createInlineTextContent$lambda$4.<no name provided> origin=null
                  ARG p1: TYPE_OP type=kotlinx.coroutines.CoroutineScope origin=IMPLICIT_CAST typeOperand=kotlinx.coroutines.CoroutineScope
                    GET_VAR 'p1: kotlin.Any? declared in com.feature.edureminder.texteditor.model.RichSpanStyle.Image.createInlineTextContent$lambda$4.<no name provided>.invoke' type=kotlin.Any? origin=null
                  ARG p2: TYPE_OP type=kotlin.coroutines.Continuation<*> origin=IMPLICIT_CAST typeOperand=kotlin.coroutines.Continuation<*>
                    GET_VAR 'p2: kotlin.Any? declared in com.feature.edureminder.texteditor.model.RichSpanStyle.Image.createInlineTextContent$lambda$4.<no name provided>.invoke' type=kotlin.Any? origin=null
        CONSTRUCTOR_CALL 'public/*package*/ constructor <init> ($data: com.feature.edureminder.texteditor.model.ImageData, $density: androidx.compose.ui.unit.Density, this$0: com.feature.edureminder.texteditor.model.RichSpanStyle.Image, $richTextState: com.feature.edureminder.texteditor.model.RichTextState, $completion: kotlin.coroutines.Continuation<com.feature.edureminder.texteditor.model.RichSpanStyle.Image.createInlineTextContent$lambda$4.<no name provided>>?) [primary] declared in com.feature.edureminder.texteditor.model.RichSpanStyle.Image.createInlineTextContent$lambda$4.<no name provided>' type=com.feature.edureminder.texteditor.model.RichSpanStyle.Image.createInlineTextContent$lambda$4.<no name provided> origin=null
          ARG $data: GET_VAR 'val data: com.feature.edureminder.texteditor.model.ImageData [val] declared in com.feature.edureminder.texteditor.model.RichSpanStyle.Image.createInlineTextContent$lambda$4' type=com.feature.edureminder.texteditor.model.ImageData origin=null
          ARG $density: GET_VAR 'val density: androidx.compose.ui.unit.Density [val] declared in com.feature.edureminder.texteditor.model.RichSpanStyle.Image.createInlineTextContent$lambda$4' type=androidx.compose.ui.unit.Density origin=null
          ARG this$0: GET_VAR 'this$0: com.feature.edureminder.texteditor.model.RichSpanStyle.Image declared in com.feature.edureminder.texteditor.model.RichSpanStyle.Image.createInlineTextContent$lambda$4' type=com.feature.edureminder.texteditor.model.RichSpanStyle.Image origin=null
          ARG $richTextState: GET_VAR '$richTextState: com.feature.edureminder.texteditor.model.RichTextState declared in com.feature.edureminder.texteditor.model.RichSpanStyle.Image.createInlineTextContent$lambda$4' type=com.feature.edureminder.texteditor.model.RichTextState origin=null
          ARG $completion: CONST Null type=kotlin.Nothing? value=null
    BLOCK type=kotlin.Unit origin=ARGUMENTS_REORDERING_FOR_CALL
      VAR IR_TEMPORARY_VARIABLE name:tmp2_painter type:androidx.compose.ui.graphics.painter.Painter [val]
        CALL 'public final fun <get-painter> (): androidx.compose.ui.graphics.painter.Painter declared in com.feature.edureminder.texteditor.model.ImageData' type=androidx.compose.ui.graphics.painter.Painter origin=GET_PROPERTY
          ARG <this>: GET_VAR 'val data: com.feature.edureminder.texteditor.model.ImageData [val] declared in com.feature.edureminder.texteditor.model.RichSpanStyle.Image.createInlineTextContent$lambda$4' type=com.feature.edureminder.texteditor.model.ImageData origin=null
      VAR IR_TEMPORARY_VARIABLE name:tmp3_contentDescription type:kotlin.String? [val]
        BLOCK type=kotlin.String? origin=FOLDED_ELVIS
          WHEN type=kotlin.String? origin=FOLDED_ELVIS
            BRANCH
              if: COMPOSITE type=kotlin.Boolean origin=null
                VAR IR_TEMPORARY_VARIABLE name:tmp1_elvis_lhs type:kotlin.String? [val]
                  CALL 'public final fun <get-contentDescription> (): kotlin.String? declared in com.feature.edureminder.texteditor.model.ImageData' type=kotlin.String? origin=GET_PROPERTY
                    ARG <this>: GET_VAR 'val data: com.feature.edureminder.texteditor.model.ImageData [val] declared in com.feature.edureminder.texteditor.model.RichSpanStyle.Image.createInlineTextContent$lambda$4' type=com.feature.edureminder.texteditor.model.ImageData origin=null
                CALL 'public final fun not (): kotlin.Boolean [operator] declared in kotlin.Boolean' type=kotlin.Boolean origin=null
                  ARG <this>: CALL 'public final fun EQEQ (arg0: kotlin.Any?, arg1: kotlin.Any?): kotlin.Boolean declared in kotlin.internal.ir' type=kotlin.Boolean origin=null
                    ARG arg0: GET_VAR 'val tmp1_elvis_lhs: kotlin.String? [val] declared in com.feature.edureminder.texteditor.model.RichSpanStyle.Image.createInlineTextContent$lambda$4' type=kotlin.String? origin=null
                    ARG arg1: CONST Null type=kotlin.Nothing? value=null
              then: GET_VAR 'val tmp1_elvis_lhs: kotlin.String? [val] declared in com.feature.edureminder.texteditor.model.RichSpanStyle.Image.createInlineTextContent$lambda$4' type=kotlin.String? origin=null
            BRANCH
              if: CONST Boolean type=kotlin.Boolean value=true
              then: GET_FIELD 'FIELD PROPERTY_BACKING_FIELD name:contentDescription type:kotlin.String? visibility:private [final]' type=kotlin.String? origin=null
                receiver: GET_VAR 'this$0: com.feature.edureminder.texteditor.model.RichSpanStyle.Image declared in com.feature.edureminder.texteditor.model.RichSpanStyle.Image.createInlineTextContent$lambda$4' type=com.feature.edureminder.texteditor.model.RichSpanStyle.Image origin=null
      VAR IR_TEMPORARY_VARIABLE name:tmp4_alignment type:androidx.compose.ui.Alignment [val]
        CALL 'public final fun <get-alignment> (): androidx.compose.ui.Alignment declared in com.feature.edureminder.texteditor.model.ImageData' type=androidx.compose.ui.Alignment origin=GET_PROPERTY
          ARG <this>: GET_VAR 'val data: com.feature.edureminder.texteditor.model.ImageData [val] declared in com.feature.edureminder.texteditor.model.RichSpanStyle.Image.createInlineTextContent$lambda$4' type=com.feature.edureminder.texteditor.model.ImageData origin=null
      VAR IR_TEMPORARY_VARIABLE name:tmp5_contentScale type:androidx.compose.ui.layout.ContentScale [val]
        CALL 'public final fun <get-contentScale> (): androidx.compose.ui.layout.ContentScale declared in com.feature.edureminder.texteditor.model.ImageData' type=androidx.compose.ui.layout.ContentScale origin=GET_PROPERTY
          ARG <this>: GET_VAR 'val data: com.feature.edureminder.texteditor.model.ImageData [val] declared in com.feature.edureminder.texteditor.model.RichSpanStyle.Image.createInlineTextContent$lambda$4' type=com.feature.edureminder.texteditor.model.ImageData origin=null
      VAR IR_TEMPORARY_VARIABLE name:tmp6_modifier type:androidx.compose.ui.Modifier [val]
        CALL 'public final fun fillMaxSize$default (<this>: androidx.compose.ui.Modifier, fraction: kotlin.Float, $mask0: kotlin.Int, $handler: kotlin.Any?): androidx.compose.ui.Modifier declared in androidx.compose.foundation.layout.SizeKt' type=androidx.compose.ui.Modifier origin=DEFAULT_DISPATCH_CALL
          ARG <this>: CALL 'public final fun <get-modifier> (): androidx.compose.ui.Modifier declared in com.feature.edureminder.texteditor.model.ImageData' type=androidx.compose.ui.Modifier origin=GET_PROPERTY
            ARG <this>: GET_VAR 'val data: com.feature.edureminder.texteditor.model.ImageData [val] declared in com.feature.edureminder.texteditor.model.RichSpanStyle.Image.createInlineTextContent$lambda$4' type=com.feature.edureminder.texteditor.model.ImageData origin=null
          ARG fraction: COMPOSITE type=kotlin.Float origin=DEFAULT_VALUE
            CONST Float type=kotlin.Float value=0.0
          ARG $mask0: CONST Int type=kotlin.Int value=1
          ARG $handler: CONST Null type=kotlin.Any? value=null
      CALL 'public final fun Image$default (painter: androidx.compose.ui.graphics.painter.Painter, contentDescription: kotlin.String?, modifier: androidx.compose.ui.Modifier?, alignment: androidx.compose.ui.Alignment?, contentScale: androidx.compose.ui.layout.ContentScale?, alpha: kotlin.Float, colorFilter: androidx.compose.ui.graphics.ColorFilter?, $mask0: kotlin.Int, $handler: kotlin.Any?): kotlin.Unit declared in androidx.compose.foundation.ImageKt' type=kotlin.Unit origin=DEFAULT_DISPATCH_CALL
        ARG painter: GET_VAR 'val tmp2_painter: androidx.compose.ui.graphics.painter.Painter [val] declared in com.feature.edureminder.texteditor.model.RichSpanStyle.Image.createInlineTextContent$lambda$4' type=androidx.compose.ui.graphics.painter.Painter origin=null
        ARG contentDescription: GET_VAR 'val tmp3_contentDescription: kotlin.String? [val] declared in com.feature.edureminder.texteditor.model.RichSpanStyle.Image.createInlineTextContent$lambda$4' type=kotlin.String? origin=null
        ARG modifier: GET_VAR 'val tmp6_modifier: androidx.compose.ui.Modifier [val] declared in com.feature.edureminder.texteditor.model.RichSpanStyle.Image.createInlineTextContent$lambda$4' type=androidx.compose.ui.Modifier origin=null
        ARG alignment: GET_VAR 'val tmp4_alignment: androidx.compose.ui.Alignment [val] declared in com.feature.edureminder.texteditor.model.RichSpanStyle.Image.createInlineTextContent$lambda$4' type=androidx.compose.ui.Alignment origin=null
        ARG contentScale: GET_VAR 'val tmp5_contentScale: androidx.compose.ui.layout.ContentScale [val] declared in com.feature.edureminder.texteditor.model.RichSpanStyle.Image.createInlineTextContent$lambda$4' type=androidx.compose.ui.layout.ContentScale origin=null
        ARG alpha: COMPOSITE type=kotlin.Float origin=DEFAULT_VALUE
          CONST Float type=kotlin.Float value=0.0
        ARG colorFilter: COMPOSITE type=androidx.compose.ui.graphics.ColorFilter? origin=DEFAULT_VALUE
          CONST Null type=androidx.compose.ui.graphics.ColorFilter? value=null
        ARG $mask0: CONST Int type=kotlin.Int value=96
        ARG $handler: CONST Null type=kotlin.Any? value=null

	at org.jetbrains.kotlin.backend.jvm.codegen.FunctionCodegen.generate(FunctionCodegen.kt:50)
	at org.jetbrains.kotlin.backend.jvm.codegen.FunctionCodegen.generate$default(FunctionCodegen.kt:43)
	at org.jetbrains.kotlin.backend.jvm.codegen.ClassCodegen.generateMethodNode(ClassCodegen.kt:422)
	at org.jetbrains.kotlin.backend.jvm.codegen.ClassCodegen.generateMethod(ClassCodegen.kt:439)
	at org.jetbrains.kotlin.backend.jvm.codegen.ClassCodegen.generate(ClassCodegen.kt:164)
	at org.jetbrains.kotlin.backend.jvm.codegen.ClassCodegen.generate(ClassCodegen.kt:177)
	at org.jetbrains.kotlin.backend.jvm.JvmIrCodegenFactory.generateFile(JvmIrCodegenFactory.kt:419)
	at org.jetbrains.kotlin.backend.jvm.JvmIrCodegenFactory.invokeCodegen(JvmIrCodegenFactory.kt:388)
	at org.jetbrains.kotlin.cli.jvm.compiler.KotlinToJVMBytecodeCompiler.runCodegen$cli(KotlinToJVMBytecodeCompiler.kt:431)
	at org.jetbrains.kotlin.cli.pipeline.jvm.JvmBackendPipelinePhase.executePhase(JvmBackendPipelinePhase.kt:95)
	at org.jetbrains.kotlin.cli.pipeline.jvm.JvmBackendPipelinePhase.executePhase(JvmBackendPipelinePhase.kt:36)
	at org.jetbrains.kotlin.cli.pipeline.jvm.JvmBackendPipelinePhase.executePhase(JvmBackendPipelinePhase.kt:29)
	at org.jetbrains.kotlin.cli.pipeline.PipelinePhase.phaseBody(PipelinePhase.kt:68)
	at org.jetbrains.kotlin.cli.pipeline.PipelinePhase.phaseBody(PipelinePhase.kt:58)
	at org.jetbrains.kotlin.config.phaser.NamedCompilerPhase.invoke(CompilerPhase.kt:102)
	at org.jetbrains.kotlin.backend.common.phaser.CompositePhase.invoke(PhaseBuilders.kt:22)
	at org.jetbrains.kotlin.config.phaser.CompilerPhaseKt.invokeToplevel(CompilerPhase.kt:53)
	at org.jetbrains.kotlin.cli.pipeline.AbstractCliPipeline.runPhasedPipeline(AbstractCliPipeline.kt:109)
	at org.jetbrains.kotlin.cli.pipeline.AbstractCliPipeline.execute(AbstractCliPipeline.kt:68)
	at org.jetbrains.kotlin.cli.jvm.K2JVMCompiler.doExecutePhased(K2JVMCompiler.kt:78)
	at org.jetbrains.kotlin.cli.jvm.K2JVMCompiler.doExecutePhased(K2JVMCompiler.kt:44)
	at org.jetbrains.kotlin.cli.common.CLICompiler.execImpl(CLICompiler.kt:90)
	at org.jetbrains.kotlin.cli.common.CLICompiler.exec(CLICompiler.kt:352)
	at org.jetbrains.kotlin.incremental.IncrementalJvmCompilerRunnerBase.runCompiler(IncrementalJvmCompilerRunnerBase.kt:175)
	at org.jetbrains.kotlin.incremental.IncrementalJvmCompilerRunnerBase.runCompiler(IncrementalJvmCompilerRunnerBase.kt:38)
	at org.jetbrains.kotlin.incremental.IncrementalCompilerRunner.doCompile(IncrementalCompilerRunner.kt:504)
	at org.jetbrains.kotlin.incremental.IncrementalCompilerRunner.compileImpl(IncrementalCompilerRunner.kt:421)
	at org.jetbrains.kotlin.incremental.IncrementalCompilerRunner.compileNonIncrementally(IncrementalCompilerRunner.kt:306)
	at org.jetbrains.kotlin.incremental.IncrementalCompilerRunner.compile(IncrementalCompilerRunner.kt:133)
	at org.jetbrains.kotlin.daemon.CompileServiceImplBase.execIncrementalCompiler(CompileServiceImpl.kt:679)
	at org.jetbrains.kotlin.daemon.CompileServiceImplBase.access$execIncrementalCompiler(CompileServiceImpl.kt:93)
	at org.jetbrains.kotlin.daemon.CompileServiceImpl.compile(CompileServiceImpl.kt:1806)
	at java.base/jdk.internal.reflect.DirectMethodHandleAccessor.invoke(Unknown Source)
	at java.base/java.lang.reflect.Method.invoke(Unknown Source)
	at java.rmi/sun.rmi.server.UnicastServerRef.dispatch(Unknown Source)
	at java.rmi/sun.rmi.transport.Transport$1.run(Unknown Source)
	at java.rmi/sun.rmi.transport.Transport$1.run(Unknown Source)
	at java.base/java.security.AccessController.doPrivileged(Unknown Source)
	at java.rmi/sun.rmi.transport.Transport.serviceCall(Unknown Source)
	at java.rmi/sun.rmi.transport.tcp.TCPTransport.handleMessages(Unknown Source)
	at java.rmi/sun.rmi.transport.tcp.TCPTransport$ConnectionHandler.run0(Unknown Source)
	at java.rmi/sun.rmi.transport.tcp.TCPTransport$ConnectionHandler.lambda$run$0(Unknown Source)
	at java.base/java.security.AccessController.doPrivileged(Unknown Source)
	at java.rmi/sun.rmi.transport.tcp.TCPTransport$ConnectionHandler.run(Unknown Source)
	at java.base/java.util.concurrent.ThreadPoolExecutor.runWorker(Unknown Source)
	at java.base/java.util.concurrent.ThreadPoolExecutor$Worker.run(Unknown Source)
	at java.base/java.lang.Thread.run(Unknown Source)
Caused by: org.jetbrains.kotlin.codegen.CompilationException: Back-end (JVM) Internal error: Couldn't inline method call: CALL 'public final fun <get-current> (): T of androidx.compose.runtime.CompositionLocal [inline] declared in androidx.compose.runtime.CompositionLocal' type=androidx.compose.ui.unit.Density origin=GET_PROPERTY
Method: null
File is unknown
The root cause java.lang.IllegalStateException was thrown at: org.jetbrains.kotlin.codegen.inline.SourceCompilerForInlineKt.getMethodNode(SourceCompilerForInline.kt:129)
	at org.jetbrains.kotlin.backend.jvm.codegen.IrInlineCodegen.genInlineCall(IrInlineCodegen.kt:82)
	at org.jetbrains.kotlin.backend.jvm.codegen.IrInlineCallGenerator.genCall(IrInlineCallGenerator.kt:36)
	at org.jetbrains.kotlin.backend.jvm.codegen.ExpressionCodegen.visitCall(ExpressionCodegen.kt:586)
	at org.jetbrains.kotlin.backend.jvm.codegen.ExpressionCodegen.visitCall(ExpressionCodegen.kt:135)
	at org.jetbrains.kotlin.ir.expressions.IrCall.accept(IrCall.kt:24)
	at org.jetbrains.kotlin.backend.jvm.codegen.ExpressionCodegen.visitVariable(ExpressionCodegen.kt:725)
	at org.jetbrains.kotlin.backend.jvm.codegen.ExpressionCodegen.visitVariable(ExpressionCodegen.kt:135)
	at org.jetbrains.kotlin.ir.declarations.IrVariable.accept(IrVariable.kt:36)
	at org.jetbrains.kotlin.backend.jvm.codegen.ExpressionCodegen.visitStatementContainer(ExpressionCodegen.kt:527)
	at org.jetbrains.kotlin.backend.jvm.codegen.ExpressionCodegen.visitBlockBody(ExpressionCodegen.kt:532)
	at org.jetbrains.kotlin.backend.jvm.codegen.ExpressionCodegen.visitBlockBody(ExpressionCodegen.kt:135)
	at org.jetbrains.kotlin.ir.expressions.IrBlockBody.accept(IrBlockBody.kt:20)
	at org.jetbrains.kotlin.backend.jvm.codegen.ExpressionCodegen.generate(ExpressionCodegen.kt:233)
	at org.jetbrains.kotlin.backend.jvm.codegen.FunctionCodegen.doGenerate(FunctionCodegen.kt:126)
	at org.jetbrains.kotlin.backend.jvm.codegen.FunctionCodegen.generate(FunctionCodegen.kt:47)
	... 46 more
Caused by: java.lang.IllegalStateException: couldn't find inline method Landroidx/compose/runtime/CompositionLocal;.getCurrent()Ljava/lang/Object;
	at org.jetbrains.kotlin.codegen.inline.SourceCompilerForInlineKt.getMethodNode(SourceCompilerForInline.kt:129)
	at org.jetbrains.kotlin.codegen.inline.SourceCompilerForInlineKt.loadCompiledInlineFunction$lambda$2(SourceCompilerForInline.kt:98)
	at org.jetbrains.kotlin.codegen.inline.InlineCache.computeMethodBytes(InlineCache.kt:90)
	at org.jetbrains.kotlin.codegen.inline.SourceCompilerForInlineKt.loadCompiledInlineFunction(SourceCompilerForInline.kt:93)
	at org.jetbrains.kotlin.backend.jvm.codegen.IrSourceCompilerForInline.compileInlineFunction(IrSourceCompilerForInline.kt:96)
	at org.jetbrains.kotlin.backend.jvm.codegen.IrInlineCodegen.genInlineCall(IrInlineCodegen.kt:65)
	... 60 more


